<!DOCTYPE suite SYSTEM "http://testng.org/testng-1.0.dtd">

<suite name="Next Account Tests" verbose="1">

<!-- Run all tests in a package -->

	<test name="Account test">
		<classes>
			<class name="com.next.proj.nextG_proj.tests.LoginTest" />
			<class name="com.next.proj.nextG_proj.tests.ChangeAccountDetailsTest" />
			<class name="com.next.proj.nextG_proj.tests.ChangePasswordTest" />
		</classes>
	</test>
</suite>








