<!DOCTYPE suite SYSTEM "http://testng.org/testng-1.0.dtd">

<suite name="Next Product Tests" verbose="1">

<!-- Run all tests in a package -->

	<test name="Product test">
		<classes>
			<class name="com.next.proj.nextG_proj.tests.AddItemToBagTest" />
			<class name="com.next.proj.nextG_proj.tests.CheckFavoritesCounterTest" />
			<class name="com.next.proj.nextG_proj.tests.CheckFavoritesIconTest" />
		</classes>
	</test>
</suite>





