<?xml version="1.0" encoding="UTF-8"?>
<!-- Generated by org.testng.reporters.JUnitReportReporter -->
<testsuite skipped="0" hostname="Artium-PC" name="com.next.proj.nextG_proj.tests.AddItemToBagTest" tests="1" failures="0" timestamp="06 Jun 2019 15:04:31 GMT" time="73.257" errors="0">
  <testcase name="_006_addItemsToBagTest" time="73.257" classname="com.next.proj.nextG_proj.tests.AddItemToBagTest"/>
</testsuite> <!-- com.next.proj.nextG_proj.tests.AddItemToBagTest -->
