<?xml version="1.0" encoding="UTF-8"?>
<!-- Generated by org.testng.reporters.JUnitReportReporter -->
<testsuite skipped="0" hostname="Artium-PC" name="com.next.proj.nextG_proj.tests.Empty" tests="1" failures="0" timestamp="03 Jun 2019 12:44:11 GMT" time="9.355" errors="0">
  <testcase name="_00_empty" time="9.355" classname="com.next.proj.nextG_proj.tests.Empty"/>
</testsuite> <!-- com.next.proj.nextG_proj.tests.Empty -->
