<?xml version="1.0" encoding="UTF-8"?>
<!-- Generated by org.testng.reporters.JUnitReportReporter -->
<testsuite skipped="0" hostname="Artium-PC" name="com.next.proj.nextG_proj.tests.ChangeAccountDetailsTest" tests="1" failures="0" timestamp="01 Jun 2019 16:03:20 GMT" time="26.045" errors="0">
  <testcase name="_02_ChangeAccountDetailsTest" time="26.045" classname="com.next.proj.nextG_proj.tests.ChangeAccountDetailsTest"/>
</testsuite> <!-- com.next.proj.nextG_proj.tests.ChangeAccountDetailsTest -->
