<?xml version="1.0" encoding="UTF-8"?>
<!-- Generated by org.testng.reporters.JUnitReportReporter -->
<testsuite skipped="0" hostname="Artium-PC" name="com.next.proj.nextG_proj.tests.CheckFavoritesCounterTest" tests="1" failures="0" timestamp="08 Jun 2019 17:43:14 GMT" time="7.859" errors="0">
  <testcase name="_009_CheckFavoritesCounterTest" time="7.859" classname="com.next.proj.nextG_proj.tests.CheckFavoritesCounterTest"/>
</testsuite> <!-- com.next.proj.nextG_proj.tests.CheckFavoritesCounterTest -->
