<?xml version="1.0" encoding="UTF-8"?>
<!-- Generated by org.testng.reporters.JUnitReportReporter -->
<testsuite skipped="0" hostname="Artium-PC" name="com.next.proj.nextG_proj.infra.tests.loginInvalidMailTest" tests="1" failures="0" timestamp="17 May 2019 08:57:50 GMT" time="30.232" errors="0">
  <testcase name="_02_loginWithInvalidMailTest" time="30.232" classname="com.next.proj.nextG_proj.infra.tests.loginInvalidMailTest"/>
</testsuite> <!-- com.next.proj.nextG_proj.infra.tests.loginInvalidMailTest -->
