<?xml version="1.0" encoding="UTF-8"?>
<!-- Generated by org.testng.reporters.JUnitReportReporter -->
<testsuite skipped="0" hostname="Artium-PC" name="com.next.proj.nextG_proj.tests.DataProviderExamples" tests="5" failures="0" timestamp="07 Jun 2019 20:14:03 GMT" time="26.151" errors="0">
  <testcase name="searchFromMainLandingPage1" time="0.428" classname="com.next.proj.nextG_proj.tests.DataProviderExamples"/>
  <testcase name="searchFromMainLandingPage1" time="0.482" classname="com.next.proj.nextG_proj.tests.DataProviderExamples"/>
  <testcase name="searchFromMainLandingPage" time="14.695" classname="com.next.proj.nextG_proj.tests.DataProviderExamples"/>
  <testcase name="searchFromMainLandingPage" time="4.811" classname="com.next.proj.nextG_proj.tests.DataProviderExamples"/>
  <testcase name="searchFromMainLandingPage" time="5.735" classname="com.next.proj.nextG_proj.tests.DataProviderExamples"/>
</testsuite> <!-- com.next.proj.nextG_proj.tests.DataProviderExamples -->
