<?xml version="1.0" encoding="UTF-8"?>
<!-- Generated by org.testng.reporters.JUnitReportReporter -->
<testsuite skipped="0" hostname="Artium-PC" name="com.next.proj.nextG_proj.tests.ChangePasswordTest" tests="1" failures="0" timestamp="31 May 2019 17:13:31 GMT" time="39.915" errors="0">
  <testcase name="_05_ChangeAccountDetailsTest" time="39.915" classname="com.next.proj.nextG_proj.tests.ChangePasswordTest"/>
</testsuite> <!-- com.next.proj.nextG_proj.tests.ChangePasswordTest -->
