<?xml version="1.0" encoding="UTF-8"?>
<!-- Generated by org.testng.reporters.JUnitReportReporter -->
<testsuite skipped="0" hostname="Artium-PC" name="com.next.proj.nextG_proj.tests.CheckFavoritesCounterTest" tests="1" failures="0" timestamp="11 Jun 2019 16:50:01 GMT" time="18.100" errors="0">
  <testcase name="_005_CheckFavoritesCounterTest" time="18.100" classname="com.next.proj.nextG_proj.tests.CheckFavoritesCounterTest"/>
</testsuite> <!-- com.next.proj.nextG_proj.tests.CheckFavoritesCounterTest -->
