<?xml version="1.0" encoding="UTF-8"?>
<!-- Generated by org.testng.reporters.JUnitReportReporter -->
<testsuite skipped="0" hostname="Artium-PC" name="com.next.proj.nextG_proj.tests.CheckFavoritesCounterTest" tests="2" failures="0" timestamp="07 Jun 2019 20:10:48 GMT" time="25.101" errors="1">
  <testcase name="_009_CheckFavoritesCounterTest" time="25.100" classname="com.next.proj.nextG_proj.tests.CheckFavoritesCounterTest"/>
  <testcase name="afterTest" time="0.001" classname="com.next.proj.nextG_proj.tests.CheckFavoritesCounterTest">
    <error type="java.lang.Error" message="Unresolved compilation problems: 
	Syntax error, insert &quot;VariableDeclarators&quot; to complete LocalVariableDeclaration
	Syntax error, insert &quot;;&quot; to complete BlockStatements
	$$$ cannot be resolved
	Type mismatch: cannot convert from File to File
	The method addImage(java.io.File, java.lang.String) in the type ReportDispatcher is not applicable for the arguments (com.gargoylesoftware.htmlunit.javascript.host.file.File, java.lang.String)
">
      <![CDATA[java.lang.Error: Unresolved compilation problems: 
Syntax error, insert "VariableDeclarators" to complete LocalVariableDeclaration
Syntax error, insert ";" to complete BlockStatements
$$$ cannot be resolved
Type mismatch: cannot convert from File to File
The method addImage(java.io.File, java.lang.String) in the type ReportDispatcher is not applicable for the arguments (com.gargoylesoftware.htmlunit.javascript.host.file.File, java.lang.String)

at com.next.proj.nextG_proj.tests.AbstractTest.takeScreenshot(AbstractTest.java:46)
at com.next.proj.nextG_proj.tests.AbstractTest.afterTest(AbstractTest.java:60)
at sun.reflect.NativeMethodAccessorImpl.invoke0(Native Method)
at sun.reflect.NativeMethodAccessorImpl.invoke(NativeMethodAccessorImpl.java:62)
at sun.reflect.DelegatingMethodAccessorImpl.invoke(DelegatingMethodAccessorImpl.java:43)
at java.lang.reflect.Method.invoke(Method.java:498)
at org.testng.internal.MethodInvocationHelper.invokeMethod(MethodInvocationHelper.java:124)
at org.testng.internal.MethodInvocationHelper.invokeMethodConsideringTimeout(MethodInvocationHelper.java:59)
at org.testng.internal.Invoker.invokeConfigurationMethod(Invoker.java:458)
at org.testng.internal.Invoker.invokeConfigurations(Invoker.java:222)
at org.testng.internal.Invoker.invokeMethod(Invoker.java:646)
at org.testng.internal.Invoker.invokeTestMethod(Invoker.java:719)
at org.testng.internal.Invoker.invokeTestMethods(Invoker.java:989)
at org.testng.internal.TestMethodWorker.invokeTestMethods(TestMethodWorker.java:125)
at org.testng.internal.TestMethodWorker.run(TestMethodWorker.java:109)
at org.testng.TestRunner.privateRun(TestRunner.java:648)
at org.testng.TestRunner.run(TestRunner.java:505)
at org.testng.SuiteRunner.runTest(SuiteRunner.java:455)
at org.testng.SuiteRunner.runSequentially(SuiteRunner.java:450)
at org.testng.SuiteRunner.privateRun(SuiteRunner.java:415)
at org.testng.SuiteRunner.run(SuiteRunner.java:364)
at org.testng.SuiteRunnerWorker.runSuite(SuiteRunnerWorker.java:52)
at org.testng.SuiteRunnerWorker.run(SuiteRunnerWorker.java:84)
at org.testng.TestNG.runSuitesSequentially(TestNG.java:1208)
at org.testng.TestNG.runSuitesLocally(TestNG.java:1137)
at org.testng.TestNG.runSuites(TestNG.java:1049)
at org.testng.TestNG.run(TestNG.java:1017)
at org.testng.remote.AbstractRemoteTestNG.run(AbstractRemoteTestNG.java:115)
at org.testng.remote.RemoteTestNG.initAndRun(RemoteTestNG.java:251)
at org.testng.remote.RemoteTestNG.main(RemoteTestNG.java:77)
]]>
    </error>
  </testcase> <!-- afterTest -->
</testsuite> <!-- com.next.proj.nextG_proj.tests.CheckFavoritesCounterTest -->
