<?xml version="1.0" encoding="UTF-8"?>
<!-- Generated by org.testng.reporters.JUnitReportReporter -->
<testsuite skipped="0" hostname="Artium-PC" name="com.next.proj.nextG_proj.tests.CheckFavoritesCounterTest" tests="1" failures="0" timestamp="01 Jun 2019 15:15:18 GMT" time="25.399" errors="0">
  <testcase name="_09_CheckFavoritesCounterTest" time="25.399" classname="com.next.proj.nextG_proj.tests.CheckFavoritesCounterTest"/>
</testsuite> <!-- com.next.proj.nextG_proj.tests.CheckFavoritesCounterTest -->
