<?xml version="1.0" encoding="UTF-8"?>
<!-- Generated by org.testng.reporters.JUnitReportReporter -->
<testsuite skipped="0" hostname="Artium-PC" name="com.next.proj.nextG_proj.infra.tests.LoginTest" tests="1" failures="0" timestamp="27 Apr 2019 18:32:59 GMT" time="38.873" errors="0">
  <testcase name="_002_loginToAmazon" time="38.873" classname="com.next.proj.nextG_proj.infra.tests.LoginTest"/>
</testsuite> <!-- com.next.proj.nextG_proj.infra.tests.LoginTest -->
