<?xml version="1.0" encoding="UTF-8"?>
<!-- Generated by org.testng.reporters.JUnitReportReporter -->
<testsuite skipped="0" hostname="Artium-PC" name="com.next.proj.nextG_proj.tests.SearchProductTest" tests="1" failures="0" timestamp="10 Jun 2019 14:22:55 GMT" time="40.714" errors="0">
  <testcase name="_001_searchProductsTest" time="40.714" classname="com.next.proj.nextG_proj.tests.SearchProductTest"/>
</testsuite> <!-- com.next.proj.nextG_proj.tests.SearchProductTest -->
