<?xml version="1.0" encoding="UTF-8"?>
<!-- Generated by org.testng.reporters.JUnitReportReporter -->
<testsuite skipped="0" hostname="Artium-PC" name="com.next.proj.nextG_proj.tests.ChangePasswordTest" tests="1" failures="0" timestamp="10 Jun 2019 14:30:59 GMT" time="24.486" errors="0">
  <testcase name="_010_ChangePasswordTest" time="24.486" classname="com.next.proj.nextG_proj.tests.ChangePasswordTest"/>
</testsuite> <!-- com.next.proj.nextG_proj.tests.ChangePasswordTest -->
