<?xml version="1.0" encoding="UTF-8"?>
<!-- Generated by org.testng.reporters.JUnitReportReporter -->
<testsuite skipped="0" hostname="Artium-PC" name="com.next.proj.nextG_proj.infra.tests.ChangeAccountDetailsTest" tests="1" failures="0" timestamp="03 May 2019 16:03:00 GMT" time="16.320" errors="0">
  <testcase name="_002_ChangeAccountDetailsTest" time="16.320" classname="com.next.proj.nextG_proj.infra.tests.ChangeAccountDetailsTest"/>
</testsuite> <!-- com.next.proj.nextG_proj.infra.tests.ChangeAccountDetailsTest -->
