<?xml version="1.0" encoding="UTF-8"?>
<!-- Generated by org.testng.reporters.JUnitReportReporter -->
<testsuite skipped="0" hostname="Artium-PC" name="com.next.proj.nextG_proj.tests.SearchProductTest" tests="1" failures="0" timestamp="08 Jun 2019 15:12:07 GMT" time="25.579" errors="0">
  <testcase name="_004_searchProductsTest" time="25.579" classname="com.next.proj.nextG_proj.tests.SearchProductTest"/>
</testsuite> <!-- com.next.proj.nextG_proj.tests.SearchProductTest -->
