<?xml version="1.0" encoding="UTF-8"?>
<!-- Generated by org.testng.reporters.JUnitReportReporter -->
<testsuite skipped="0" hostname="Artium-PC" name="com.next.proj.nextG_proj.tests.CheckFavoritesCounterTest" tests="1" failures="0" timestamp="10 Jun 2019 14:27:20 GMT" time="54.658" errors="0">
  <testcase name="_005_CheckFavoritesCounterTest" time="54.658" classname="com.next.proj.nextG_proj.tests.CheckFavoritesCounterTest"/>
</testsuite> <!-- com.next.proj.nextG_proj.tests.CheckFavoritesCounterTest -->
