<?xml version="1.0" encoding="UTF-8"?>
<!-- Generated by org.testng.reporters.JUnitReportReporter -->
<testsuite skipped="0" hostname="Artium-PC" name="com.next.proj.nextG_proj.tests.LoginTest" tests="1" failures="0" timestamp="05 Jun 2019 21:08:29 GMT" time="18.590" errors="0">
  <testcase name="_001_LoginTest" time="18.590" classname="com.next.proj.nextG_proj.tests.LoginTest"/>
</testsuite> <!-- com.next.proj.nextG_proj.tests.LoginTest -->
