<?xml version="1.0" encoding="UTF-8"?>
<!-- Generated by org.testng.reporters.JUnitReportReporter -->
<testsuite skipped="0" hostname="Artium-PC" name="com.next.proj.nextG_proj.tests.LoginTest" tests="1" failures="0" timestamp="31 May 2019 17:25:53 GMT" time="18.348" errors="0">
  <testcase name="_01_loginToNext" time="18.348" classname="com.next.proj.nextG_proj.tests.LoginTest"/>
</testsuite> <!-- com.next.proj.nextG_proj.tests.LoginTest -->
