<?xml version="1.0" encoding="UTF-8"?>
<!-- Generated by org.testng.reporters.JUnitReportReporter -->
<testsuite skipped="0" hostname="Artium-PC" name="com.next.proj.nextG_proj.tests.loginInvalidMailTest" tests="1" failures="0" timestamp="31 May 2019 17:54:23 GMT" time="15.101" errors="0">
  <testcase name="_02_loginWithInvalidMailTest" time="15.101" classname="com.next.proj.nextG_proj.tests.loginInvalidMailTest"/>
</testsuite> <!-- com.next.proj.nextG_proj.tests.loginInvalidMailTest -->
