<?xml version="1.0" encoding="UTF-8"?>
<!-- Generated by org.testng.reporters.JUnitReportReporter -->
<testsuite skipped="0" hostname="Artium-PC" name="com.next.proj.nextG_proj.infra.tests.LoginTest" tests="1" failures="0" timestamp="17 May 2019 08:56:51 GMT" time="22.450" errors="0">
  <testcase name="_01_loginToNext" time="22.450" classname="com.next.proj.nextG_proj.infra.tests.LoginTest"/>
</testsuite> <!-- com.next.proj.nextG_proj.infra.tests.LoginTest -->
