<?xml version="1.0" encoding="UTF-8"?>
<!-- Generated by org.testng.reporters.JUnitReportReporter -->
<testsuite skipped="0" hostname="Artium-PC" name="com.next.proj.nextG_proj.tests.LoginTest" tests="1" failures="0" timestamp="11 Jun 2019 16:52:57 GMT" time="23.878" errors="0">
  <testcase name="_007_LoginTest" time="23.878" classname="com.next.proj.nextG_proj.tests.LoginTest"/>
</testsuite> <!-- com.next.proj.nextG_proj.tests.LoginTest -->
