<?xml version="1.0" encoding="UTF-8"?>
<!-- Generated by org.testng.reporters.JUnitReportReporter -->
<testsuite skipped="0" hostname="Artium-PC" name="com.next.proj.nextG_proj.tests.ChangeAccountDetailsTest" tests="1" failures="0" timestamp="08 Jun 2019 20:45:45 GMT" time="30.982" errors="0">
  <testcase name="_002_ChangeAccountDetailsTest" time="30.982" classname="com.next.proj.nextG_proj.tests.ChangeAccountDetailsTest"/>
</testsuite> <!-- com.next.proj.nextG_proj.tests.ChangeAccountDetailsTest -->
