<?xml version="1.0" encoding="UTF-8"?>
<!-- Generated by org.testng.reporters.JUnitReportReporter -->
<testsuite skipped="0" hostname="Artium-PC" name="com.next.proj.nextG_proj.tests.ClearSearchBoxTest" tests="1" failures="0" timestamp="28 May 2019 17:08:13 GMT" time="19.166" errors="0">
  <testcase name="_07_clearSearchBoxTest" time="19.166" classname="com.next.proj.nextG_proj.tests.ClearSearchBoxTest"/>
</testsuite> <!-- com.next.proj.nextG_proj.tests.ClearSearchBoxTest -->
