<?xml version="1.0" encoding="UTF-8"?>
<!-- Generated by org.testng.reporters.JUnitReportReporter -->
<testsuite skipped="0" hostname="Artium-PC" name="com.next.proj.nextG_proj.tests.CheckFavoritesIconTest" tests="1" failures="0" timestamp="05 Jun 2019 20:58:26 GMT" time="19.620" errors="0">
  <testcase name="_008_CheckFavoritesIconTest" time="19.620" classname="com.next.proj.nextG_proj.tests.CheckFavoritesIconTest"/>
</testsuite> <!-- com.next.proj.nextG_proj.tests.CheckFavoritesIconTest -->
