<?xml version="1.0" encoding="UTF-8"?>
<!-- Generated by org.testng.reporters.JUnitReportReporter -->
<testsuite skipped="0" hostname="Artium-PC" name="com.next.proj.nextG_proj.tests.LoginTest" tests="1" failures="0" timestamp="23 May 2019 11:58:23 GMT" time="20.667" errors="0">
  <testcase name="_01_loginToNext" time="20.667" classname="com.next.proj.nextG_proj.tests.LoginTest"/>
</testsuite> <!-- com.next.proj.nextG_proj.tests.LoginTest -->
