<?xml version="1.0" encoding="UTF-8"?>
<!-- Generated by org.testng.reporters.JUnitReportReporter -->
<testsuite skipped="0" hostname="Artium-PC" name="com.next.proj.nextG_proj.tests.DataProviderSearchingTest" tests="3" failures="0" timestamp="10 Jun 2019 14:22:55 GMT" time="13.273" errors="0">
  <testcase name="_003_searchFromMainLandingPage" time="4.103" classname="com.next.proj.nextG_proj.tests.DataProviderSearchingTest"/>
  <testcase name="_003_searchFromMainLandingPage" time="5.435" classname="com.next.proj.nextG_proj.tests.DataProviderSearchingTest"/>
  <testcase name="_003_searchFromMainLandingPage" time="3.735" classname="com.next.proj.nextG_proj.tests.DataProviderSearchingTest"/>
</testsuite> <!-- com.next.proj.nextG_proj.tests.DataProviderSearchingTest -->
