<?xml version="1.0" encoding="UTF-8"?>
<!-- Generated by org.testng.reporters.JUnitReportReporter -->
<testsuite skipped="0" hostname="Artium-PC" name="com.next.proj.nextG_proj.tests.SearchProductTest" tests="1" failures="0" timestamp="23 May 2019 20:07:28 GMT" time="19.228" errors="0">
  <testcase name="_04_searchProductsTest" time="19.228" classname="com.next.proj.nextG_proj.tests.SearchProductTest"/>
</testsuite> <!-- com.next.proj.nextG_proj.tests.SearchProductTest -->
