<?xml version="1.0" encoding="UTF-8"?>
<!-- Generated by org.testng.reporters.JUnitReportReporter -->
<testsuite skipped="0" hostname="Artium-PC" name="com.next.proj.nextG_proj.tests.SearchProductNegativeTest" tests="1" failures="0" timestamp="10 Jun 2019 14:22:55 GMT" time="14.742" errors="0">
  <testcase name="_002_searchProductNegativeTest" time="14.742" classname="com.next.proj.nextG_proj.tests.SearchProductNegativeTest"/>
</testsuite> <!-- com.next.proj.nextG_proj.tests.SearchProductNegativeTest -->
