<?xml version="1.0" encoding="UTF-8"?>
<!-- Generated by org.testng.reporters.JUnitReportReporter -->
<testsuite skipped="0" hostname="Artium-PC" name="com.next.proj.nextG_proj.tests.ChangeAccountDetailsTest" tests="1" failures="0" timestamp="10 Jun 2019 14:30:59 GMT" time="25.984" errors="0">
  <testcase name="_008_ChangeAccountDetailsTest" time="25.984" classname="com.next.proj.nextG_proj.tests.ChangeAccountDetailsTest"/>
</testsuite> <!-- com.next.proj.nextG_proj.tests.ChangeAccountDetailsTest -->
