<?xml version="1.0" encoding="UTF-8"?>
<!-- Generated by org.testng.reporters.JUnitReportReporter -->
<testsuite skipped="0" hostname="Artium-PC" name="com.next.proj.nextG_proj.tests.DateLiveChatTest" tests="1" failures="0" timestamp="10 Jun 2019 21:35:28 GMT" time="19.810" errors="0">
  <testcase name="_009_dateLiveChatTest" time="19.810" classname="com.next.proj.nextG_proj.tests.DateLiveChatTest"/>
</testsuite> <!-- com.next.proj.nextG_proj.tests.DateLiveChatTest -->
