<?xml version="1.0" encoding="UTF-8"?>
<!-- Generated by org.testng.reporters.JUnitReportReporter -->
<testsuite skipped="0" hostname="Artium-PC" name="com.next.proj.nextG_proj.tests.SearchProductNegativeTest" tests="1" failures="0" timestamp="08 Jun 2019 20:56:40 GMT" time="23.999" errors="0">
  <testcase name="_003_searchProductNegativeTest" time="23.999" classname="com.next.proj.nextG_proj.tests.SearchProductNegativeTest"/>
</testsuite> <!-- com.next.proj.nextG_proj.tests.SearchProductNegativeTest -->
