<?xml version="1.0" encoding="UTF-8"?>
<!-- Generated by org.testng.reporters.JUnitReportReporter -->
<testsuite skipped="0" hostname="Artium-PC" name="com.next.proj.nextG_proj.infra.tests.LoginNegativeTest" tests="1" failures="0" timestamp="05 May 2019 19:13:27 GMT" time="19.508" errors="0">
  <testcase name="_002_loginToNextNegativeTest" time="19.508" classname="com.next.proj.nextG_proj.infra.tests.LoginNegativeTest"/>
</testsuite> <!-- com.next.proj.nextG_proj.infra.tests.LoginNegativeTest -->
