<?xml version="1.0" encoding="UTF-8"?>
<!-- Generated by org.testng.reporters.JUnitReportReporter -->
<testsuite skipped="0" hostname="Artium-PC" name="com.next.proj.nextG_proj.tests.AddItemToBagTest" tests="1" failures="0" timestamp="01 Jun 2019 22:05:21 GMT" time="23.856" errors="0">
  <testcase name="_06_addItemsToBagTest" time="23.856" classname="com.next.proj.nextG_proj.tests.AddItemToBagTest"/>
</testsuite> <!-- com.next.proj.nextG_proj.tests.AddItemToBagTest -->
