<?xml version="1.0" encoding="UTF-8"?>
<!-- Generated by org.testng.reporters.JUnitReportReporter -->
<testsuite skipped="0" hostname="Artium-PC" name="com.next.proj.nextG_proj.tests.SearchFromMainLandingPageTest" tests="3" failures="0" timestamp="11 Jun 2019 16:48:32 GMT" time="13.361" errors="0">
  <testcase name="_003_searchFromMainLandingPageTest" time="4.335" classname="com.next.proj.nextG_proj.tests.SearchFromMainLandingPageTest"/>
  <testcase name="_003_searchFromMainLandingPageTest" time="4.746" classname="com.next.proj.nextG_proj.tests.SearchFromMainLandingPageTest"/>
  <testcase name="_003_searchFromMainLandingPageTest" time="4.280" classname="com.next.proj.nextG_proj.tests.SearchFromMainLandingPageTest"/>
</testsuite> <!-- com.next.proj.nextG_proj.tests.SearchFromMainLandingPageTest -->
