<?xml version="1.0" encoding="UTF-8"?>
<!-- Generated by org.testng.reporters.JUnitReportReporter -->
<testsuite skipped="0" hostname="Artium-PC" name="com.next.proj.nextG_proj.infra.tests.SearchProductTest" tests="1" failures="0" timestamp="18 May 2019 21:31:08 GMT" time="19.410" errors="0">
  <testcase name="_04_searchProductsTest" time="19.410" classname="com.next.proj.nextG_proj.infra.tests.SearchProductTest"/>
</testsuite> <!-- com.next.proj.nextG_proj.infra.tests.SearchProductTest -->
