<?xml version="1.0" encoding="UTF-8"?>
<!-- Generated by org.testng.reporters.JUnitReportReporter -->
<testsuite skipped="0" hostname="Artium-PC" name="com.next.proj.nextG_proj.tests.DateLiveChatTest" tests="1" failures="0" timestamp="11 Jun 2019 16:50:01 GMT" time="10.424" errors="0">
  <testcase name="_009_dateLiveChatTest" time="10.424" classname="com.next.proj.nextG_proj.tests.DateLiveChatTest"/>
</testsuite> <!-- com.next.proj.nextG_proj.tests.DateLiveChatTest -->
