<?xml version="1.0" encoding="UTF-8"?>
<!-- Generated by org.testng.reporters.JUnitReportReporter -->
<testsuite skipped="0" hostname="Artium-PC" name="com.next.proj.nextG_proj.infra.tests.AddItemsToCartTest" tests="1" failures="0" timestamp="07 May 2019 17:26:33 GMT" time="30.328" errors="0">
  <testcase name="_006_addItemsToBagTest" time="30.328" classname="com.next.proj.nextG_proj.infra.tests.AddItemsToCartTest"/>
</testsuite> <!-- com.next.proj.nextG_proj.infra.tests.AddItemsToCartTest -->
