<?xml version="1.0" encoding="UTF-8"?>
<!-- Generated by org.testng.reporters.JUnitReportReporter -->
<testsuite skipped="0" hostname="Artium-PC" name="com.next.proj.nextG_proj.tests.AddItemToBagTest" tests="1" failures="0" timestamp="08 Jun 2019 17:43:14 GMT" time="28.245" errors="0">
  <testcase name="_006_addItemsToBagTest" time="28.245" classname="com.next.proj.nextG_proj.tests.AddItemToBagTest"/>
</testsuite> <!-- com.next.proj.nextG_proj.tests.AddItemToBagTest -->
